This file contains any messages produced by compilers while
running CMake, to aid debugging if configure makes a mistake.

It was created by eigen-cddlib CMake configuration process 0.4.4-9-gc777-dirty, which was
generated by CMake 3.5.1.

## --------- ##
## Platform. ##
## --------- ##

hostname = philip-XPS-15-9560
system = Linux-4.4.0-131-generic
processor = x86_64
generator = Unix Makefiles

PATH /home/philip/val_ws/install/bin
PATH /opt/ros/indigo/bin
PATH /usr/local/sbin
PATH /usr/local/bin
PATH /usr/sbin
PATH /usr/bin
PATH /sbin
PATH /bin
PATH /usr/games
PATH /usr/local/games
PATH /usr/lib/jvm/java-8-oracle/bin
PATH /usr/lib/jvm/java-8-oracle/db/bin
PATH /usr/lib/jvm/java-8-oracle/jre/bin

PKG_CONFIG_PATH /home/philip/numl_catkin_ws/devel/lib/pkgconfig
PKG_CONFIG_PATH /home/philip/ihmc_catkin_ws/install/lib/pkgconfig
PKG_CONFIG_PATH /home/philip/val_ws/install/lib/pkgconfig
PKG_CONFIG_PATH /opt/ros/indigo/lib/pkgconfig
PKG_CONFIG_PATH /opt/ros/indigo/lib/x86_64-linux-gnu/pkgconfig

## ---------------- ##
## CMake variables. ##
## ---------------- ##

CMAKE_ROOT = /usr/share/cmake-3.5
CMAKE_INCLUDE_PATH = 
CMAKE_LIBRARY_PATH = 
CMAKE_PREFIX_PATH = 
CMAKE_INSTALL_ALWAYS = 
CMAKE_SKIP_RPATH = NO
CMAKE_SUPPRESS_REGENERATION = 
BUILD_SHARED_LIBS = 

CMAKE_INSTALL_PREFIX = /usr/local
PROJECT_SOURCE_DIR = /home/philip/eigen-cddlib
PROJECT_SOURCE_DIR = /home/philip/eigen-cddlib
PROJECT_BINARY_DIR = /home/philip/eigen-cddlib/build
CMAKE_BINARY_DIR = /home/philip/eigen-cddlib/build

CMAKE_AR = /usr/bin/ar
CMAKE_RANLIB = /usr/bin/ranlib
CMAKE_BUILD_TYPE = Release
CMAKE_CONFIGURATION_TYPES = 
CMAKE_SHARED_LINKER_FLAGS = 

CMAKE_C_COMPILER = 
CMAKE_C_FLAGS = 
CMAKE_C_FLAGS_DEBUG = 
CMAKE_C_FLAGS_RELEASE = 
CMAKE_CXX_COMPILER = /usr/bin/c++
CMAKE_CXX_FLAGS = -Werror  -pedantic -Wno-long-long -Wall -Wextra -Wcast-align -Wcast-qual -Wformat -Wwrite-strings -Wconversion  -std=c++0x -Wall -Wextra -pedantic
CMAKE_CXX_FLAGS_DEBUG = -g
CMAKE_CXX_FLAGS_RELEASE = -O3 -DNDEBUG
CMAKE_CXX_FLAGS_RELWITHDEBINFO = -O2 -g -DNDEBUG

CMAKE_STATIC_LIBRARY_PREFIX = lib
CMAKE_STATIC_LIBRARY_SUFFIX = .a
CMAKE_SHARED_LIBRARY_PREFIX = lib
CMAKE_SHARED_LIBRARY_SUFFIX = .so
CMAKE_SHARED_MODULE_PREFIX = lib
CMAKE_SHARED_MODULE_SUFFIX = .so

## ------------------ ##
## Watched variables. ##
## ------------------ ##

WARNING_CXX_FLAGS = -Werror  -pedantic -Wno-long-long -Wall -Wextra -Wcast-align -Wcast-qual -Wformat -Wwrite-strings -Wconversion
_PKG_CONFIG_FOUND = undefined
PKG_CONFIG_EXECUTABLE = /usr/bin/pkg-config
_PKG_CONFIG_PREFIX = /usr/local
_PKG_CONFIG_EXEC_PREFIX = /usr/local
_PKG_CONFIG_LIBDIR = /usr/local/lib
_PKG_CONFIG_BINDIR = /usr/local/bin
_PKG_CONFIG_PKGLIBDIR = /usr/local/lib/eigen-cddlib
_PKG_CONFIG_INCLUDEDIR = /usr/local/include
_PKG_CONFIG_DATAROOTDIR = /usr/local/share
_PKG_CONFIG_PKGDATAROOTDIR = /usr/local/share
_PKG_CONFIG_DOCDIR = /usr/local/share/doc/eigen-cddlib
_PKG_CONFIG_DOXYGENDOCDIR = /usr/local/share/doc/eigen-cddlib/doxygen-html
_PKG_CONFIG_PROJECT_NAME = eigen-cddlib
_PKG_CONFIG_DESCRIPTION = Eigen C++ wrapper for using cddlib
_PKG_CONFIG_URL = https://github.com/vsamy/eigen-cddlib
_PKG_CONFIG_VERSION = 0.4.4-9-gc777-dirty
_PKG_CONFIG_REQUIRES = eigen3 >= 3.2
_PKG_CONFIG_REQUIRES_DEBUG = 
_PKG_CONFIG_REQUIRES_OPTIMIZED = 
_PKG_CONFIG_CONFLICTS = 
_PKG_CONFIG_LIBS =  -leigen-cddlib
_PKG_CONFIG_LIBS_DEBUG = -L${libdir}
_PKG_CONFIG_LIBS_OPTIMIZED = -L${libdir}
_PKG_CONFIG_LIBS_PRIVATE = 
_PKG_CONFIG_CFLAGS = -I${includedir}
_PKG_CONFIG_CFLAGS_DEBUG = 
_PKG_CONFIG_CFLAGS_OPTIMIZED = 
PKG_CONFIG_EXTRA = 
## ---------------- ##
## Watched targets. ##
## ---------------- ##

